e:\c++项目\航天管理系统c++\航天管理系统\debug\vc142.pdb
e:\c++项目\航天管理系统c++\航天管理系统\debug\vc142.idb
e:\c++项目\航天管理系统c++ - 副本 - 副本 宝贵版本\航天管理系统\debug\vc142.pdb
e:\c++项目\航天管理系统c++ - 副本 - 副本 宝贵版本\航天管理系统\debug\vc142.idb
e:\c++项目\航天管理系统c++ - 副本 - 副本 宝贵版本\航天管理系统\debug\tool.obj
e:\c++项目\航天管理系统c++ - 副本 - 副本 宝贵版本\航天管理系统\debug\pananger.obj
e:\c++项目\航天管理系统c++ - 副本 - 副本 宝贵版本\航天管理系统\debug\main.obj
e:\c++项目\航天管理系统c++ - 副本 - 副本 宝贵版本\航天管理系统\debug\ariportroutes.obj
f:\桌面\航天管理系统c++ - 副本 - 副本 宝贵版本\航天管理系统\debug\vc142.pdb
f:\桌面\航天管理系统c++ - 副本 - 副本 宝贵版本\航天管理系统\debug\vc142.idb
f:\桌面\航天管理系统c++ - 副本 - 副本 宝贵版本\航天管理系统\debug\tool.obj
f:\桌面\航天管理系统c++ - 副本 - 副本 宝贵版本\航天管理系统\debug\main.obj
f:\桌面\航天管理系统c++ - 副本 - 副本 宝贵版本\航天管理系统\debug\pananger.obj
f:\桌面\航天管理系统c++ - 副本 - 副本 宝贵版本\航天管理系统\debug\ariportroutes.obj
e:\c++项目\航天管理系统c++ - 副本 - 副本 宝贵版本\航天管理系统\debug\航天管理系统.exe
e:\c++项目\航天管理系统c++ - 副本 - 副本 宝贵版本\航天管理系统\debug\航天管理系统.ilk
e:\c++项目\航天管理系统c++ - 副本 - 副本 宝贵版本\航天管理系统\debug\航天管理系统.pdb
f:\桌面\航天管理系统c++ - 副本 - 副本 宝贵版本\航天管理系统\debug\航天管理系统.exe
f:\桌面\航天管理系统c++ - 副本 - 副本 宝贵版本\航天管理系统\debug\航天管理系统.ilk
f:\桌面\航天管理系统c++ - 副本 - 副本 宝贵版本\航天管理系统\debug\航天管理系统.pdb
f:\桌面\航天管理系统c++ - 副本 - 副本 宝贵版本\航天管理系统\debug\main.obj.enc
f:\桌面\航天管理系统c++ - 副本 - 副本 宝贵版本\航天管理系统\debug\航天管理系统.tlog\cl.command.1.tlog
f:\桌面\航天管理系统c++ - 副本 - 副本 宝贵版本\航天管理系统\debug\航天管理系统.tlog\cl.read.1.tlog
f:\桌面\航天管理系统c++ - 副本 - 副本 宝贵版本\航天管理系统\debug\航天管理系统.tlog\cl.write.1.tlog
f:\桌面\航天管理系统c++ - 副本 - 副本 宝贵版本\航天管理系统\debug\航天管理系统.tlog\link.command.1.tlog
f:\桌面\航天管理系统c++ - 副本 - 副本 宝贵版本\航天管理系统\debug\航天管理系统.tlog\link.read.1.tlog
f:\桌面\航天管理系统c++ - 副本 - 副本 宝贵版本\航天管理系统\debug\航天管理系统.tlog\link.write.1.tlog
